c:\sfmlprojects\outputnumber\outputnumber\release\vc142.pdb
c:\sfmlprojects\outputnumber\outputnumber\release\main.obj
c:\users\h'\documents\github\my-projects\sfmlprojects\outputnumber\outputnumber\release\vc142.pdb
c:\users\h'\documents\github\my-projects\sfmlprojects\outputnumber\outputnumber\release\main.obj
d:\my-projects\sfmlprojects\outputnumber\outputnumber\release\vc142.pdb
d:\my-projects\sfmlprojects\outputnumber\outputnumber\release\main.obj
c:\sfmlprojects\outputnumber\release\outputnumber.exe
c:\sfmlprojects\outputnumber\release\outputnumber.pdb
c:\users\h'\documents\github\my-projects\sfmlprojects\outputnumber\release\outputnumber.exe
c:\users\h'\documents\github\my-projects\sfmlprojects\outputnumber\release\outputnumber.pdb
d:\my-projects\sfmlprojects\outputnumber\release\outputnumber.exe
d:\my-projects\sfmlprojects\outputnumber\release\outputnumber.pdb
c:\sfmlprojects\outputnumber\release\outputnumber.ipdb
c:\sfmlprojects\outputnumber\release\outputnumber.iobj
c:\users\h'\documents\github\my-projects\sfmlprojects\outputnumber\release\outputnumber.ipdb
c:\users\h'\documents\github\my-projects\sfmlprojects\outputnumber\release\outputnumber.iobj
d:\my-projects\sfmlprojects\outputnumber\release\outputnumber.ipdb
d:\my-projects\sfmlprojects\outputnumber\release\outputnumber.iobj
c:\users\h'\documents\github\my-projects\sfmlprojects\outputnumber\outputnumber\release\outputnumber.tlog\cl.command.1.tlog
c:\users\h'\documents\github\my-projects\sfmlprojects\outputnumber\outputnumber\release\outputnumber.tlog\cl.read.1.tlog
c:\users\h'\documents\github\my-projects\sfmlprojects\outputnumber\outputnumber\release\outputnumber.tlog\cl.write.1.tlog
c:\users\h'\documents\github\my-projects\sfmlprojects\outputnumber\outputnumber\release\outputnumber.tlog\link.command.1.tlog
c:\users\h'\documents\github\my-projects\sfmlprojects\outputnumber\outputnumber\release\outputnumber.tlog\link.read.1.tlog
c:\users\h'\documents\github\my-projects\sfmlprojects\outputnumber\outputnumber\release\outputnumber.tlog\link.write.1.tlog
c:\users\h'\documents\github\my-projects\sfmlprojects\outputnumber\outputnumber\release\outputnumber.tlog\outputnumber.write.1u.tlog
